Change Physical Footprint: Designator=C1 Old Footprint=C0805 New Footprint=C0805
Change Physical Footprint: Designator=C2 Old Footprint=C0805 New Footprint=C0805
Change Physical Footprint: Designator=C3 Old Footprint=C0805 New Footprint=C0805
Change Physical Footprint: Designator=C4 Old Footprint=C0805 New Footprint=C0805
Change Physical Footprint: Designator=C5 Old Footprint=C0805 New Footprint=C0805
Change Physical Footprint: Designator=C6 Old Footprint=C0805 New Footprint=C0805
Change Physical Footprint: Designator=C7 Old Footprint=C0805 New Footprint=C0805
Change Physical Footprint: Designator=C8 Old Footprint=C0805 New Footprint=C0805
Change Physical Footprint: Designator=C9 Old Footprint=C0805 New Footprint=C0805
Change Physical Footprint: Designator=C10 Old Footprint=C0805 New Footprint=C0805
Change Physical Footprint: Designator=C11 Old Footprint=C0805 New Footprint=C0805
Change Physical Footprint: Designator=C12 Old Footprint=C0805 New Footprint=C0805
Change Physical Footprint: Designator=C13 Old Footprint=C0805 New Footprint=C0805
Change Physical Footprint: Designator=C14 Old Footprint=C0805 New Footprint=C0805
Change Physical Footprint: Designator=C15 Old Footprint=C0805 New Footprint=C0805
Change Physical Footprint: Designator=C16 Old Footprint=C0805 New Footprint=C0805
Change Physical Footprint: Designator=C17 Old Footprint=C0805 New Footprint=C0805
Change Physical Footprint: Designator=C18 Old Footprint=C0805 New Footprint=C0805
Change Physical Footprint: Designator=C19 Old Footprint=C0805 New Footprint=C0805
Change Physical Footprint: Designator=C20 Old Footprint=C0805 New Footprint=C0805
Change Physical Footprint: Designator=D1 Old Footprint=150141RS73100 New Footprint=150141RS73100
Change Physical Footprint: Designator=D2 Old Footprint=150141RS73100 New Footprint=150141RS73100
Change Physical Footprint: Designator=D3 Old Footprint=150141RS73100 New Footprint=150141RS73100
Change Physical Footprint: Designator=D4 Old Footprint=150141RS73100 New Footprint=150141RS73100
Change Physical Footprint: Designator=D5 Old Footprint=SOD323 New Footprint=SOD323
Change Physical Footprint: Designator=J1 Old Footprint=Header_3x1 New Footprint=Header_3x1
Change Physical Footprint: Designator=J2 Old Footprint=Header_4x3 New Footprint=Header_4x3
Change Physical Footprint: Designator=J3 Old Footprint=HDR1X4 New Footprint=HDR1X4
Change Physical Footprint: Designator=J4 Old Footprint=HDR1X7 New Footprint=HDR1X7
Change Physical Footprint: Designator=LED1 Old Footprint=1411LED New Footprint=1411LED
Change Physical Footprint: Designator=M1 Old Footprint=M3_Mounting_Hole New Footprint=M3_Mounting_Hole
Change Physical Footprint: Designator=M2 Old Footprint=M3_Mounting_Hole New Footprint=M3_Mounting_Hole
Change Physical Footprint: Designator=P1 Old Footprint=HDR1X7 New Footprint=HDR1X7
Change Physical Footprint: Designator=R1 Old Footprint=3216[1206] New Footprint=3216[1206]
Change Physical Footprint: Designator=R2 Old Footprint=3216[1206] New Footprint=3216[1206]
Change Physical Footprint: Designator=R3 Old Footprint=3216[1206] New Footprint=3216[1206]
Change Physical Footprint: Designator=R4 Old Footprint=3216[1206] New Footprint=3216[1206]
Change Physical Footprint: Designator=R5 Old Footprint=3216[1206] New Footprint=3216[1206]
Change Physical Footprint: Designator=R6 Old Footprint=3216[1206] New Footprint=3216[1206]
Change Physical Footprint: Designator=R7 Old Footprint=3216[1206] New Footprint=3216[1206]
Change Physical Footprint: Designator=R8 Old Footprint=3216[1206] New Footprint=3216[1206]
Change Physical Footprint: Designator=R9 Old Footprint=3216[1206] New Footprint=3216[1206]
Change Physical Footprint: Designator=R10 Old Footprint=3216[1206] New Footprint=3216[1206]
Change Physical Footprint: Designator=R11 Old Footprint=3216[1206] New Footprint=3216[1206]
Change Physical Footprint: Designator=S1 Old Footprint=TactileSwitch New Footprint=TactileSwitch
Change Physical Footprint: Designator=TPS1 Old Footprint=TEST_POINT_SMD New Footprint=TEST_POINT_SMD
Change Physical Footprint: Designator=TPS2 Old Footprint=TEST_POINT_SMD New Footprint=TEST_POINT_SMD
Change Physical Footprint: Designator=U1 Old Footprint=SOT223 New Footprint=SOT223
Change Physical Footprint: Designator=U2 Old Footprint=LQFP-64 10X10MM New Footprint=LQFP-64 10x10mm
Change Physical Footprint: Designator=U3 Old Footprint=HLGA-10L - NARROW New Footprint=HLGA-10L - narrow
Change Physical Footprint: Designator=U4 Old Footprint=LGA-24 - NARROW - Long Pads New Footprint=LGA-24 - NARROW - Long Pads
Change Physical Footprint: Designator=XTAL1 Old Footprint=NX5032GA New Footprint=NX5032GA
