Removed Pin From Net: NetName=5V Pin=C1-2
Removed Pin From Net: NetName=NetD5_1 Pin=D5-1
Removed Pin From Net: NetName=GND Pin=D5-2
Removed Pin From Net: NetName=NetD5_1 Pin=R5-2
Removed Pin From Net: NetName=5V Pin=U1-3
Change Component Footprint: Designator=D5 Old Footprint=150141RS73100 New Footprint=SOD323
Change Component Comment : Designator=D5 Old Comment=150141RS73100 New Comment=Schottky Diode
Change Component Comment : Designator=XTAL1 Old Comment=NX5032GA 24MHz New Comment=NX5032GA 25MHz
Change Component Designator: OldDesignator=D5 NewDesignator=D6
Change Component Designator: OldDesignator=R5 NewDesignator=R12
Change component parameters: Designator = "D6"; Footprint = "SOD323"; UniqueID = "\IARCAVWI"
Change component parameters. Clean all parameters for all variants
Change component parameters (AddParameter): Name = "Capacitance @ Vr, F"; Value = "170pF @ 0V, 1MHz"; VariantName = "[No Variations]"
Change component parameters (AddParameter): Name = "Category"; Value = "Discrete Semiconductor Products"; VariantName = "[No Variations]"
Change component parameters (AddParameter): Name = "ComponentLink1Description"; Value = "https://toshiba.semicon-storage.com/info/docget.jsp?did=9019&prodName=CUS08F30"; VariantName = "[No Variations]"
Change component parameters (AddParameter): Name = "ComponentLink1URL"; Value = "https://toshiba.semicon-storage.com/info/docget.jsp?did=9019&prodName=CUS08F30"; VariantName = "[No Variations]"
Change component parameters (AddParameter): Name = "Current - Average Rectified (Io)"; Value = "800mA"; VariantName = "[No Variations]"
Change component parameters (AddParameter): Name = "Current - Reverse Leakage @ Vr"; Value = "50µA @ 30V"; VariantName = "[No Variations]"
Change component parameters (AddParameter): Name = "Diode Type"; Value = "Schottky"; VariantName = "[No Variations]"
Change component parameters (AddParameter): Name = "Manufacturer"; Value = "Toshiba Semiconductor and Storage"; VariantName = "[No Variations]"
Change component parameters (AddParameter): Name = "Manufacturer Part Number"; Value = "CUS08F30,H3F"; VariantName = "[No Variations]"
Change component parameters (AddParameter): Name = "Mounting Type"; Value = "Surface Mount"; VariantName = "[No Variations]"
Change component parameters (AddParameter): Name = "Operating Temperature - Junction"; Value = "125°C (Max)"; VariantName = "[No Variations]"
Change component parameters (AddParameter): Name = "Package / Case"; Value = "SC-76, SOD-323"; VariantName = "[No Variations]"
Change component parameters (AddParameter): Name = "Packaging"; Value = "Cut Tape (CT)"; VariantName = "[No Variations]"
Change component parameters (AddParameter): Name = "Part Status"; Value = "Active"; VariantName = "[No Variations]"
Change component parameters (AddParameter): Name = "Pricing 1"; Value = "1=0.49, 10=0.448, 25=0.3224, 100=0.2508, 250=0.15764, 500=0.13438, 1000=0.09138 (CAD)"; VariantName = "[No Variations]"
Change component parameters (AddParameter): Name = "Reverse Recovery Time (trr)"; Value = "-"; VariantName = "[No Variations]"
Change component parameters (AddParameter): Name = "RoHS"; Value = "RoHS Compliant"; VariantName = "[No Variations]"
Change component parameters (AddParameter): Name = "Speed"; Value = "Fast Recovery =< 500ns, > 200mA (Io)"; VariantName = "[No Variations]"
Change component parameters (AddParameter): Name = "Stock 1"; Value = "5288"; VariantName = "[No Variations]"
Change component parameters (AddParameter): Name = "Supplier 1"; Value = "Digi-Key"; VariantName = "[No Variations]"
Change component parameters (AddParameter): Name = "Supplier Device Package"; Value = "USC"; VariantName = "[No Variations]"
Change component parameters (AddParameter): Name = "Supplier Part Number 1"; Value = "CUS08F30H3FCT-ND"; VariantName = "[No Variations]"
Change component parameters (AddParameter): Name = "Voltage - DC Reverse (Vr) (Max)"; Value = "30V"; VariantName = "[No Variations]"
Change component parameters (AddParameter): Name = "Voltage - Forward (Vf) (Max) @ If"; Value = "220mV @ 10mA"; VariantName = "[No Variations]"
Added Component: Designator=D5(150141RS73100)
Add component. Clean all parameters for all variants
Add component (AddParameter): Name = "Case/Package"; Value = "1411"; VariantName = "[No Variations]"
Add component (AddParameter): Name = "Case Code (Imperial)"; Value = "1411"; VariantName = "[No Variations]"
Add component (AddParameter): Name = "Case Code (Metric)"; Value = "3528"; VariantName = "[No Variations]"
Add component (AddParameter): Name = "Colour"; Value = "RED"; VariantName = "[No Variations]"
Add component (AddParameter): Name = "ComponentLink1Description"; Value = "https://datasheet.ciiva.com/29562/150141rs73100-29562993.pdf"; VariantName = "[No Variations]"
Add component (AddParameter): Name = "ComponentLink1URL"; Value = "https://datasheet.ciiva.com/29562/150141rs73100-29562993.pdf"; VariantName = "[No Variations]"
Add component (AddParameter): Name = "ComponentLink2Description"; Value = "https://datasheet.ciiva.com/29563/150141rs73100-29563031.pdf"; VariantName = "[No Variations]"
Add component (AddParameter): Name = "ComponentLink2URL"; Value = "https://datasheet.ciiva.com/29563/150141rs73100-29563031.pdf"; VariantName = "[No Variations]"
Add component (AddParameter): Name = "ComponentLink3Description"; Value = "https://datasheet.ciiva.com/29563/150141rs73100-29563032.pdf"; VariantName = "[No Variations]"
Add component (AddParameter): Name = "ComponentLink3URL"; Value = "https://datasheet.ciiva.com/29563/150141rs73100-29563032.pdf"; VariantName = "[No Variations]"
Add component (AddParameter): Name = "ComponentLink4Description"; Value = "https://datasheet.ciiva.com/29278/759464-da-01-en-smd-topled-einf-rot-150141rs73100-29278947.pdf"; VariantName = "[No Variations]"
Add component (AddParameter): Name = "ComponentLink4URL"; Value = "https://datasheet.ciiva.com/29278/759464-da-01-en-smd-topled-einf-rot-150141rs73100-29278947.pdf"; VariantName = "[No Variations]"
Add component (AddParameter): Name = "Dominant Wavelength"; Value = "625"; VariantName = "[No Variations]"
Add component (AddParameter): Name = "Forward Current"; Value = "30"; VariantName = "[No Variations]"
Add component (AddParameter): Name = "Forward Voltage"; Value = "2"; VariantName = "[No Variations]"
Add component (AddParameter): Name = "Height"; Value = "1.9"; VariantName = "[No Variations]"
Add component (AddParameter): Name = "LatestRevisionDate"; Value = "17-Jul-2002"; VariantName = "[No Variations]"
Add component (AddParameter): Name = "LatestRevisionNote"; Value = "Re-released for DXP Platform."; VariantName = "[No Variations]"
Add component (AddParameter): Name = "Length"; Value = "3.5"; VariantName = "[No Variations]"
Add component (AddParameter): Name = "Lens Style"; Value = "Round,Clear"; VariantName = "[No Variations]"
Add component (AddParameter): Name = "Luminous Intensity"; Value = "300"; VariantName = "[No Variations]"
Add component (AddParameter): Name = "Manufacturer"; Value = "Würth Elektronik (Wuerth Elektronik)"; VariantName = "[No Variations]"
Add component (AddParameter): Name = "Manufacturer Part Number"; Value = "150141RS73100"; VariantName = "[No Variations]"
Add component (AddParameter): Name = "Max Operating Temperature"; Value = "85"; VariantName = "[No Variations]"
Add component (AddParameter): Name = "Min Operating Temperature"; Value = "-40"; VariantName = "[No Variations]"
Add component (AddParameter): Name = "PackageDocument"; Value = "Feb-2002"; VariantName = "[No Variations]"
Add component (AddParameter): Name = "Package Quantity"; Value = "2000"; VariantName = "[No Variations]"
Add component (AddParameter): Name = "PackageReference"; Value = "3.2X1.6X1.1"; VariantName = "[No Variations]"
Add component (AddParameter): Name = "Packaging"; Value = "Tape and Reel"; VariantName = "[No Variations]"
Add component (AddParameter): Name = "Pricing 2"; Value = "1=0.17, 100=0.149, 500=0.113 (USD)"; VariantName = "[No Variations]"
Add component (AddParameter): Name = "Published"; Value = "8-Jun-2000"; VariantName = "[No Variations]"
Add component (AddParameter): Name = "Publisher"; Value = "Altium Limited"; VariantName = "[No Variations]"
Add component (AddParameter): Name = "REACH SVHC"; Value = "Unknown"; VariantName = "[No Variations]"
Add component (AddParameter): Name = "Stock 2"; Value = "5335"; VariantName = "[No Variations]"
Add component (AddParameter): Name = "Supplier 1"; Value = "Digi-Key"; VariantName = "[No Variations]"
Add component (AddParameter): Name = "Supplier 2"; Value = "Digikey"; VariantName = "[No Variations]"
Add component (AddParameter): Name = "Supplier Part Number 2"; Value = "732-5000-1-ND"; VariantName = "[No Variations]"
Add component (AddParameter): Name = "Test Current"; Value = "20"; VariantName = "[No Variations]"
Add component (AddParameter): Name = "Viewing Angle"; Value = "120"; VariantName = "[No Variations]"
Add component (AddParameter): Name = "Wavelength"; Value = "625"; VariantName = "[No Variations]"
Add component (AddParameter): Name = "Width"; Value = "2.8"; VariantName = "[No Variations]"
Added Component: Designator=LED1(1411LED)
Add component. Clean all parameters for all variants
Add component (AddParameter): Name = "Category"; Value = "Optoelectronics"; VariantName = "[No Variations]"
Add component (AddParameter): Name = "Color"; Value = "Red, Green, Blue (RGB)"; VariantName = "[No Variations]"
Add component (AddParameter): Name = "ComponentLink1Description"; Value = "http://katalog.we-online.de/led/datasheet/150141M173100.pdf"; VariantName = "[No Variations]"
Add component (AddParameter): Name = "ComponentLink1URL"; Value = "http://katalog.we-online.de/led/datasheet/150141M173100.pdf"; VariantName = "[No Variations]"
Add component (AddParameter): Name = "Current - Test"; Value = "20mA Red, 20mA Green, 20mA Blue"; VariantName = "[No Variations]"
Add component (AddParameter): Name = "Features"; Value = "-"; VariantName = "[No Variations]"
Add component (AddParameter): Name = "Height (Max)"; Value = "2.10mm"; VariantName = "[No Variations]"
Add component (AddParameter): Name = "Lens Color"; Value = "Colorless"; VariantName = "[No Variations]"
Add component (AddParameter): Name = "Lens Style/Size"; Value = "Round with Flat Top, 2.40mm"; VariantName = "[No Variations]"
Add component (AddParameter): Name = "Lens Transparency"; Value = "Clear"; VariantName = "[No Variations]"
Add component (AddParameter): Name = "Manufacturer"; Value = "Wurth Electronics Inc"; VariantName = "[No Variations]"
Add component (AddParameter): Name = "Manufacturer Part Number"; Value = "150141M173100"; VariantName = "[No Variations]"
Add component (AddParameter): Name = "Millicandela Rating"; Value = "270mcd Red, 950mcd Green, 230mcd Blue"; VariantName = "[No Variations]"
Add component (AddParameter): Name = "Mounting Type"; Value = "Surface Mount"; VariantName = "[No Variations]"
Add component (AddParameter): Name = "Package / Case"; Value = "1411 (3528 Metric)"; VariantName = "[No Variations]"
Add component (AddParameter): Name = "Packaging"; Value = "Cut Tape (CT)"; VariantName = "[No Variations]"
Add component (AddParameter): Name = "Pricing 1"; Value = "1=0.95, 50=0.8294, 100=0.7583, 500=0.68724, 1000=0.63984 (CAD)"; VariantName = "[No Variations]"
Add component (AddParameter): Name = "RoHS"; Value = "RoHS Compliant"; VariantName = "[No Variations]"
Add component (AddParameter): Name = "Size / Dimension"; Value = "3.50mm L x 2.80mm W"; VariantName = "[No Variations]"
Add component (AddParameter): Name = "Stock 1"; Value = "986"; VariantName = "[No Variations]"
Add component (AddParameter): Name = "Supplier 1"; Value = "Digi-Key"; VariantName = "[No Variations]"
Add component (AddParameter): Name = "Supplier Device Package"; Value = "3528"; VariantName = "[No Variations]"
Add component (AddParameter): Name = "Supplier Part Number 1"; Value = "732-4998-1-ND"; VariantName = "[No Variations]"
Add component (AddParameter): Name = "Viewing Angle"; Value = "120°"; VariantName = "[No Variations]"
Add component (AddParameter): Name = "Voltage - Forward (Vf) (Typ)"; Value = "2V Red, 3.2V Green, 3.2V Blue"; VariantName = "[No Variations]"
Add component (AddParameter): Name = "Wavelength - Dominant"; Value = "625nm Red, 520nm Green, 470nm Blue"; VariantName = "[No Variations]"
Add component (AddParameter): Name = "Wavelength - Peak"; Value = "635nm Red, 515nm Green, 465nm Blue"; VariantName = "[No Variations]"
Added Component: Designator=P1(HDR1X7)
Add component. Clean all parameters for all variants
Add component (AddParameter): Name = "LatestRevisionDate"; Value = "17-Jul-2002"; VariantName = "[No Variations]"
Add component (AddParameter): Name = "LatestRevisionNote"; Value = "Re-released for DXP Platform."; VariantName = "[No Variations]"
Add component (AddParameter): Name = "Publisher"; Value = "Altium Limited"; VariantName = "[No Variations]"
Added Component: Designator=R5(3216[1206])
Add component. Clean all parameters for all variants
Add component (AddParameter): Name = "LatestRevisionDate"; Value = "17-Jul-2002"; VariantName = "[No Variations]"
Add component (AddParameter): Name = "LatestRevisionNote"; Value = "Re-released for DXP Platform."; VariantName = "[No Variations]"
Add component (AddParameter): Name = "PackageReference"; Value = "AXIAL-0.5"; VariantName = "[No Variations]"
Add component (AddParameter): Name = "Published"; Value = "8-Jun-2000"; VariantName = "[No Variations]"
Add component (AddParameter): Name = "Publisher"; Value = "Altium Limited"; VariantName = "[No Variations]"
Add component (AddParameter): Name = "Value"; Value = "1K"; VariantName = "[No Variations]"
Added Component: Designator=R10(3216[1206])
Add component. Clean all parameters for all variants
Add component (AddParameter): Name = "LatestRevisionDate"; Value = "17-Jul-2002"; VariantName = "[No Variations]"
Add component (AddParameter): Name = "LatestRevisionNote"; Value = "Re-released for DXP Platform."; VariantName = "[No Variations]"
Add component (AddParameter): Name = "PackageReference"; Value = "AXIAL-0.5"; VariantName = "[No Variations]"
Add component (AddParameter): Name = "Published"; Value = "8-Jun-2000"; VariantName = "[No Variations]"
Add component (AddParameter): Name = "Publisher"; Value = "Altium Limited"; VariantName = "[No Variations]"
Add component (AddParameter): Name = "Value"; Value = "1K"; VariantName = "[No Variations]"
Added Component: Designator=R11(3216[1206])
Add component. Clean all parameters for all variants
Add component (AddParameter): Name = "LatestRevisionDate"; Value = "17-Jul-2002"; VariantName = "[No Variations]"
Add component (AddParameter): Name = "LatestRevisionNote"; Value = "Re-released for DXP Platform."; VariantName = "[No Variations]"
Add component (AddParameter): Name = "PackageReference"; Value = "AXIAL-0.5"; VariantName = "[No Variations]"
Add component (AddParameter): Name = "Published"; Value = "8-Jun-2000"; VariantName = "[No Variations]"
Add component (AddParameter): Name = "Publisher"; Value = "Altium Limited"; VariantName = "[No Variations]"
Add component (AddParameter): Name = "Value"; Value = "1K"; VariantName = "[No Variations]"
Added Pin To Net: NetName=NetD5_1 Pin=D5-1
Added Pin To Net: NetName=GND Pin=D5-2
Added Pin To Net: NetName=5V Pin=D6-2
Added Pin To Net: NetName=VDD Pin=LED1-1
Added Pin To Net: NetName=GND Pin=P1-3
Added Pin To Net: NetName=VDD Pin=P1-4
Added Pin To Net: NetName=GND Pin=P1-6
Added Pin To Net: NetName=GND Pin=R5-1
Added Pin To Net: NetName=NetD5_1 Pin=R5-2
Change Net Name : Old Net Name=LED4 New Net Name=LED_G
Added Pin To Net: NetName=LED_B Pin=R11-1
Added Pin To Net: NetName=LED_B Pin=U2-40
Added Net: Name=LED_B
Added Pin To Net: NetName=LED_R Pin=R10-1
Added Pin To Net: NetName=LED_R Pin=U2-39
Added Net: Name=LED_R
Added Pin To Net: NetName=NetC1_2 Pin=C1-2
Added Pin To Net: NetName=NetC1_2 Pin=D6-1
Added Pin To Net: NetName=NetC1_2 Pin=U1-3
Added Net: Name=NetC1_2
Added Pin To Net: NetName=NetLED1_2 Pin=LED1-2
Added Pin To Net: NetName=NetLED1_2 Pin=R11-2
Added Net: Name=NetLED1_2
Added Pin To Net: NetName=NetLED1_3 Pin=LED1-3
Added Pin To Net: NetName=NetLED1_3 Pin=R10-2
Added Net: Name=NetLED1_3
Added Pin To Net: NetName=NetLED1_4 Pin=LED1-4
Added Pin To Net: NetName=NetLED1_4 Pin=R12-2
Added Net: Name=NetLED1_4
Added Pin To Net: NetName=SPI1_MISO Pin=P1-7
Added Pin To Net: NetName=SPI1_MISO Pin=U2-22
Added Net: Name=SPI1_MISO
Added Pin To Net: NetName=SPI1_MOSI Pin=P1-2
Added Pin To Net: NetName=SPI1_MOSI Pin=U2-23
Added Net: Name=SPI1_MOSI
Added Pin To Net: NetName=SPI1_NSS Pin=P1-1
Added Pin To Net: NetName=SPI1_NSS Pin=U2-20
Added Net: Name=SPI1_NSS
Added Pin To Net: NetName=SPI1_SCK Pin=P1-5
Added Pin To Net: NetName=SPI1_SCK Pin=U2-21
Added Net: Name=SPI1_SCK
