Added Component: Designator=C1(C0805)
Add component. Clean all parameters for all variants
Add component (AddParameter): Name = "LatestRevisionDate"; Value = "17-Jul-2002"; VariantName = "[No Variations]"
Add component (AddParameter): Name = "LatestRevisionNote"; Value = "Re-released for DXP Platform."; VariantName = "[No Variations]"
Add component (AddParameter): Name = "PackageReference"; Value = "C1206"; VariantName = "[No Variations]"
Add component (AddParameter): Name = "Published"; Value = "8-Jun-2000"; VariantName = "[No Variations]"
Add component (AddParameter): Name = "Publisher"; Value = "Altium Limited"; VariantName = "[No Variations]"
Add component (AddParameter): Name = "Value"; Value = "10uF"; VariantName = "[No Variations]"
Added Component: Designator=C2(C0805)
Add component. Clean all parameters for all variants
Add component (AddParameter): Name = "LatestRevisionDate"; Value = "17-Jul-2002"; VariantName = "[No Variations]"
Add component (AddParameter): Name = "LatestRevisionNote"; Value = "Re-released for DXP Platform."; VariantName = "[No Variations]"
Add component (AddParameter): Name = "PackageReference"; Value = "C1206"; VariantName = "[No Variations]"
Add component (AddParameter): Name = "Published"; Value = "8-Jun-2000"; VariantName = "[No Variations]"
Add component (AddParameter): Name = "Publisher"; Value = "Altium Limited"; VariantName = "[No Variations]"
Add component (AddParameter): Name = "Value"; Value = "10uF"; VariantName = "[No Variations]"
Added Component: Designator=C3(C0805)
Add component. Clean all parameters for all variants
Add component (AddParameter): Name = "LatestRevisionDate"; Value = "17-Jul-2002"; VariantName = "[No Variations]"
Add component (AddParameter): Name = "LatestRevisionNote"; Value = "Re-released for DXP Platform."; VariantName = "[No Variations]"
Add component (AddParameter): Name = "PackageReference"; Value = "C1206"; VariantName = "[No Variations]"
Add component (AddParameter): Name = "Published"; Value = "8-Jun-2000"; VariantName = "[No Variations]"
Add component (AddParameter): Name = "Publisher"; Value = "Altium Limited"; VariantName = "[No Variations]"
Add component (AddParameter): Name = "Value"; Value = "8pF"; VariantName = "[No Variations]"
Added Component: Designator=C4(C0805)
Add component. Clean all parameters for all variants
Add component (AddParameter): Name = "LatestRevisionDate"; Value = "17-Jul-2002"; VariantName = "[No Variations]"
Add component (AddParameter): Name = "LatestRevisionNote"; Value = "Re-released for DXP Platform."; VariantName = "[No Variations]"
Add component (AddParameter): Name = "PackageReference"; Value = "C1206"; VariantName = "[No Variations]"
Add component (AddParameter): Name = "Published"; Value = "8-Jun-2000"; VariantName = "[No Variations]"
Add component (AddParameter): Name = "Publisher"; Value = "Altium Limited"; VariantName = "[No Variations]"
Add component (AddParameter): Name = "Value"; Value = "8pF"; VariantName = "[No Variations]"
Added Component: Designator=C5(C0805)
Add component. Clean all parameters for all variants
Add component (AddParameter): Name = "LatestRevisionDate"; Value = "17-Jul-2002"; VariantName = "[No Variations]"
Add component (AddParameter): Name = "LatestRevisionNote"; Value = "Re-released for DXP Platform."; VariantName = "[No Variations]"
Add component (AddParameter): Name = "PackageReference"; Value = "C1206"; VariantName = "[No Variations]"
Add component (AddParameter): Name = "Published"; Value = "8-Jun-2000"; VariantName = "[No Variations]"
Add component (AddParameter): Name = "Publisher"; Value = "Altium Limited"; VariantName = "[No Variations]"
Add component (AddParameter): Name = "Value"; Value = "100nF"; VariantName = "[No Variations]"
Added Component: Designator=C6(C0805)
Add component. Clean all parameters for all variants
Add component (AddParameter): Name = "LatestRevisionDate"; Value = "17-Jul-2002"; VariantName = "[No Variations]"
Add component (AddParameter): Name = "LatestRevisionNote"; Value = "Re-released for DXP Platform."; VariantName = "[No Variations]"
Add component (AddParameter): Name = "PackageReference"; Value = "C1206"; VariantName = "[No Variations]"
Add component (AddParameter): Name = "Published"; Value = "8-Jun-2000"; VariantName = "[No Variations]"
Add component (AddParameter): Name = "Publisher"; Value = "Altium Limited"; VariantName = "[No Variations]"
Add component (AddParameter): Name = "Value"; Value = "100nF"; VariantName = "[No Variations]"
Added Component: Designator=C7(C0805)
Add component. Clean all parameters for all variants
Add component (AddParameter): Name = "LatestRevisionDate"; Value = "17-Jul-2002"; VariantName = "[No Variations]"
Add component (AddParameter): Name = "LatestRevisionNote"; Value = "Re-released for DXP Platform."; VariantName = "[No Variations]"
Add component (AddParameter): Name = "PackageReference"; Value = "C1206"; VariantName = "[No Variations]"
Add component (AddParameter): Name = "Published"; Value = "8-Jun-2000"; VariantName = "[No Variations]"
Add component (AddParameter): Name = "Publisher"; Value = "Altium Limited"; VariantName = "[No Variations]"
Add component (AddParameter): Name = "Value"; Value = "4.7uF"; VariantName = "[No Variations]"
Added Component: Designator=C8(C0805)
Add component. Clean all parameters for all variants
Add component (AddParameter): Name = "LatestRevisionDate"; Value = "17-Jul-2002"; VariantName = "[No Variations]"
Add component (AddParameter): Name = "LatestRevisionNote"; Value = "Re-released for DXP Platform."; VariantName = "[No Variations]"
Add component (AddParameter): Name = "PackageReference"; Value = "C1206"; VariantName = "[No Variations]"
Add component (AddParameter): Name = "Published"; Value = "8-Jun-2000"; VariantName = "[No Variations]"
Add component (AddParameter): Name = "Publisher"; Value = "Altium Limited"; VariantName = "[No Variations]"
Add component (AddParameter): Name = "Value"; Value = "100nF"; VariantName = "[No Variations]"
Added Component: Designator=C9(C0805)
Add component. Clean all parameters for all variants
Add component (AddParameter): Name = "LatestRevisionDate"; Value = "17-Jul-2002"; VariantName = "[No Variations]"
Add component (AddParameter): Name = "LatestRevisionNote"; Value = "Re-released for DXP Platform."; VariantName = "[No Variations]"
Add component (AddParameter): Name = "PackageReference"; Value = "C1206"; VariantName = "[No Variations]"
Add component (AddParameter): Name = "Published"; Value = "8-Jun-2000"; VariantName = "[No Variations]"
Add component (AddParameter): Name = "Publisher"; Value = "Altium Limited"; VariantName = "[No Variations]"
Add component (AddParameter): Name = "Value"; Value = "100nF"; VariantName = "[No Variations]"
Added Component: Designator=C10(C0805)
Add component. Clean all parameters for all variants
Add component (AddParameter): Name = "LatestRevisionDate"; Value = "17-Jul-2002"; VariantName = "[No Variations]"
Add component (AddParameter): Name = "LatestRevisionNote"; Value = "Re-released for DXP Platform."; VariantName = "[No Variations]"
Add component (AddParameter): Name = "PackageReference"; Value = "C1206"; VariantName = "[No Variations]"
Add component (AddParameter): Name = "Published"; Value = "8-Jun-2000"; VariantName = "[No Variations]"
Add component (AddParameter): Name = "Publisher"; Value = "Altium Limited"; VariantName = "[No Variations]"
Add component (AddParameter): Name = "Value"; Value = "100nF"; VariantName = "[No Variations]"
Added Component: Designator=C11(C0805)
Add component. Clean all parameters for all variants
Add component (AddParameter): Name = "LatestRevisionDate"; Value = "17-Jul-2002"; VariantName = "[No Variations]"
Add component (AddParameter): Name = "LatestRevisionNote"; Value = "Re-released for DXP Platform."; VariantName = "[No Variations]"
Add component (AddParameter): Name = "PackageReference"; Value = "C1206"; VariantName = "[No Variations]"
Add component (AddParameter): Name = "Published"; Value = "8-Jun-2000"; VariantName = "[No Variations]"
Add component (AddParameter): Name = "Publisher"; Value = "Altium Limited"; VariantName = "[No Variations]"
Add component (AddParameter): Name = "Value"; Value = "10uF"; VariantName = "[No Variations]"
Added Component: Designator=C12(C0805)
Add component. Clean all parameters for all variants
Add component (AddParameter): Name = "LatestRevisionDate"; Value = "17-Jul-2002"; VariantName = "[No Variations]"
Add component (AddParameter): Name = "LatestRevisionNote"; Value = "Re-released for DXP Platform."; VariantName = "[No Variations]"
Add component (AddParameter): Name = "PackageReference"; Value = "C1206"; VariantName = "[No Variations]"
Add component (AddParameter): Name = "Published"; Value = "8-Jun-2000"; VariantName = "[No Variations]"
Add component (AddParameter): Name = "Publisher"; Value = "Altium Limited"; VariantName = "[No Variations]"
Add component (AddParameter): Name = "Value"; Value = "100nF"; VariantName = "[No Variations]"
Added Component: Designator=C13(C0805)
Add component. Clean all parameters for all variants
Add component (AddParameter): Name = "LatestRevisionDate"; Value = "17-Jul-2002"; VariantName = "[No Variations]"
Add component (AddParameter): Name = "LatestRevisionNote"; Value = "Re-released for DXP Platform."; VariantName = "[No Variations]"
Add component (AddParameter): Name = "PackageReference"; Value = "C1206"; VariantName = "[No Variations]"
Add component (AddParameter): Name = "Published"; Value = "8-Jun-2000"; VariantName = "[No Variations]"
Add component (AddParameter): Name = "Publisher"; Value = "Altium Limited"; VariantName = "[No Variations]"
Add component (AddParameter): Name = "Value"; Value = "100nF"; VariantName = "[No Variations]"
Added Component: Designator=C14(C0805)
Add component. Clean all parameters for all variants
Add component (AddParameter): Name = "LatestRevisionDate"; Value = "17-Jul-2002"; VariantName = "[No Variations]"
Add component (AddParameter): Name = "LatestRevisionNote"; Value = "Re-released for DXP Platform."; VariantName = "[No Variations]"
Add component (AddParameter): Name = "PackageReference"; Value = "C1206"; VariantName = "[No Variations]"
Add component (AddParameter): Name = "Published"; Value = "8-Jun-2000"; VariantName = "[No Variations]"
Add component (AddParameter): Name = "Publisher"; Value = "Altium Limited"; VariantName = "[No Variations]"
Add component (AddParameter): Name = "Value"; Value = "10uF"; VariantName = "[No Variations]"
Added Component: Designator=C15(C0805)
Add component. Clean all parameters for all variants
Add component (AddParameter): Name = "LatestRevisionDate"; Value = "17-Jul-2002"; VariantName = "[No Variations]"
Add component (AddParameter): Name = "LatestRevisionNote"; Value = "Re-released for DXP Platform."; VariantName = "[No Variations]"
Add component (AddParameter): Name = "PackageReference"; Value = "C1206"; VariantName = "[No Variations]"
Add component (AddParameter): Name = "Published"; Value = "8-Jun-2000"; VariantName = "[No Variations]"
Add component (AddParameter): Name = "Publisher"; Value = "Altium Limited"; VariantName = "[No Variations]"
Add component (AddParameter): Name = "Value"; Value = "100nF"; VariantName = "[No Variations]"
Added Component: Designator=C16(C0805)
Add component. Clean all parameters for all variants
Add component (AddParameter): Name = "LatestRevisionDate"; Value = "17-Jul-2002"; VariantName = "[No Variations]"
Add component (AddParameter): Name = "LatestRevisionNote"; Value = "Re-released for DXP Platform."; VariantName = "[No Variations]"
Add component (AddParameter): Name = "PackageReference"; Value = "C1206"; VariantName = "[No Variations]"
Add component (AddParameter): Name = "Published"; Value = "8-Jun-2000"; VariantName = "[No Variations]"
Add component (AddParameter): Name = "Publisher"; Value = "Altium Limited"; VariantName = "[No Variations]"
Add component (AddParameter): Name = "Value"; Value = "100nF"; VariantName = "[No Variations]"
Added Component: Designator=C17(C0805)
Add component. Clean all parameters for all variants
Add component (AddParameter): Name = ""; Value = ""; VariantName = "[No Variations]"
Add component (AddParameter): Name = "LatestRevisionDate"; Value = "17-Jul-2002"; VariantName = "[No Variations]"
Add component (AddParameter): Name = "LatestRevisionNote"; Value = "Re-released for DXP Platform."; VariantName = "[No Variations]"
Add component (AddParameter): Name = "PackageReference"; Value = "C1206"; VariantName = "[No Variations]"
Add component (AddParameter): Name = "Published"; Value = "8-Jun-2000"; VariantName = "[No Variations]"
Add component (AddParameter): Name = "Publisher"; Value = "Altium Limited"; VariantName = "[No Variations]"
Add component (AddParameter): Name = "Rating"; Value = "16V"; VariantName = "[No Variations]"
Add component (AddParameter): Name = "Value"; Value = "10nF"; VariantName = "[No Variations]"
Added Component: Designator=C18(C0805)
Add component. Clean all parameters for all variants
Add component (AddParameter): Name = "LatestRevisionDate"; Value = "17-Jul-2002"; VariantName = "[No Variations]"
Add component (AddParameter): Name = "LatestRevisionNote"; Value = "Re-released for DXP Platform."; VariantName = "[No Variations]"
Add component (AddParameter): Name = "PackageReference"; Value = "C1206"; VariantName = "[No Variations]"
Add component (AddParameter): Name = "Published"; Value = "8-Jun-2000"; VariantName = "[No Variations]"
Add component (AddParameter): Name = "Publisher"; Value = "Altium Limited"; VariantName = "[No Variations]"
Add component (AddParameter): Name = "Value"; Value = "100nF"; VariantName = "[No Variations]"
Added Component: Designator=C19(C0805)
Add component. Clean all parameters for all variants
Add component (AddParameter): Name = "LatestRevisionDate"; Value = "17-Jul-2002"; VariantName = "[No Variations]"
Add component (AddParameter): Name = "LatestRevisionNote"; Value = "Re-released for DXP Platform."; VariantName = "[No Variations]"
Add component (AddParameter): Name = "PackageReference"; Value = "C1206"; VariantName = "[No Variations]"
Add component (AddParameter): Name = "Published"; Value = "8-Jun-2000"; VariantName = "[No Variations]"
Add component (AddParameter): Name = "Publisher"; Value = "Altium Limited"; VariantName = "[No Variations]"
Add component (AddParameter): Name = "Value"; Value = "10uF"; VariantName = "[No Variations]"
Added Component: Designator=C20(C0805)
Add component. Clean all parameters for all variants
Add component (AddParameter): Name = "LatestRevisionDate"; Value = "17-Jul-2002"; VariantName = "[No Variations]"
Add component (AddParameter): Name = "LatestRevisionNote"; Value = "Re-released for DXP Platform."; VariantName = "[No Variations]"
Add component (AddParameter): Name = "PackageReference"; Value = "C1206"; VariantName = "[No Variations]"
Add component (AddParameter): Name = "Published"; Value = "8-Jun-2000"; VariantName = "[No Variations]"
Add component (AddParameter): Name = "Publisher"; Value = "Altium Limited"; VariantName = "[No Variations]"
Add component (AddParameter): Name = "Value"; Value = "100nF"; VariantName = "[No Variations]"
Added Component: Designator=D1(OVS5MGBCR4)
Add component. Clean all parameters for all variants
Add component (AddParameter): Name = "Colour"; Value = "GREEN"; VariantName = "[No Variations]"
Add component (AddParameter): Name = "LatestRevisionDate"; Value = "17-Jul-2002"; VariantName = "[No Variations]"
Add component (AddParameter): Name = "LatestRevisionNote"; Value = "Re-released for DXP Platform."; VariantName = "[No Variations]"
Add component (AddParameter): Name = "PackageDocument"; Value = "Feb-2002"; VariantName = "[No Variations]"
Add component (AddParameter): Name = "PackageReference"; Value = "3.2X1.6X1.1"; VariantName = "[No Variations]"
Add component (AddParameter): Name = "Published"; Value = "8-Jun-2000"; VariantName = "[No Variations]"
Add component (AddParameter): Name = "Publisher"; Value = "Altium Limited"; VariantName = "[No Variations]"
Add component (AddParameter): Name = "Supplier 1"; Value = "Digi-Key"; VariantName = "[No Variations]"
Add component (AddParameter): Name = "Supplier Part Number 1"; Value = "365-1545-1-ND"; VariantName = "[No Variations]"
Added Component: Designator=D2(OVS5MRBCR4)
Add component. Clean all parameters for all variants
Add component (AddParameter): Name = "Colour"; Value = "RED"; VariantName = "[No Variations]"
Add component (AddParameter): Name = "LatestRevisionDate"; Value = "17-Jul-2002"; VariantName = "[No Variations]"
Add component (AddParameter): Name = "LatestRevisionNote"; Value = "Re-released for DXP Platform."; VariantName = "[No Variations]"
Add component (AddParameter): Name = "PackageDocument"; Value = "Feb-2002"; VariantName = "[No Variations]"
Add component (AddParameter): Name = "PackageReference"; Value = "3.2X1.6X1.1"; VariantName = "[No Variations]"
Add component (AddParameter): Name = "Published"; Value = "8-Jun-2000"; VariantName = "[No Variations]"
Add component (AddParameter): Name = "Publisher"; Value = "Altium Limited"; VariantName = "[No Variations]"
Add component (AddParameter): Name = "Supplier 1"; Value = "Digi-Key"; VariantName = "[No Variations]"
Add component (AddParameter): Name = "Supplier Part Number 1"; Value = "365-1546-1-ND"; VariantName = "[No Variations]"
Added Component: Designator=D3(OVS5MRBCR4)
Add component. Clean all parameters for all variants
Add component (AddParameter): Name = "Colour"; Value = "RED"; VariantName = "[No Variations]"
Add component (AddParameter): Name = "LatestRevisionDate"; Value = "17-Jul-2002"; VariantName = "[No Variations]"
Add component (AddParameter): Name = "LatestRevisionNote"; Value = "Re-released for DXP Platform."; VariantName = "[No Variations]"
Add component (AddParameter): Name = "PackageDocument"; Value = "Feb-2002"; VariantName = "[No Variations]"
Add component (AddParameter): Name = "PackageReference"; Value = "3.2X1.6X1.1"; VariantName = "[No Variations]"
Add component (AddParameter): Name = "Published"; Value = "8-Jun-2000"; VariantName = "[No Variations]"
Add component (AddParameter): Name = "Publisher"; Value = "Altium Limited"; VariantName = "[No Variations]"
Add component (AddParameter): Name = "Supplier 1"; Value = "Digi-Key"; VariantName = "[No Variations]"
Add component (AddParameter): Name = "Supplier Part Number 1"; Value = "365-1546-1-ND"; VariantName = "[No Variations]"
Added Component: Designator=D4(OVS5MRBCR4)
Add component. Clean all parameters for all variants
Add component (AddParameter): Name = "Colour"; Value = "RED"; VariantName = "[No Variations]"
Add component (AddParameter): Name = "LatestRevisionDate"; Value = "17-Jul-2002"; VariantName = "[No Variations]"
Add component (AddParameter): Name = "LatestRevisionNote"; Value = "Re-released for DXP Platform."; VariantName = "[No Variations]"
Add component (AddParameter): Name = "PackageDocument"; Value = "Feb-2002"; VariantName = "[No Variations]"
Add component (AddParameter): Name = "PackageReference"; Value = "3.2X1.6X1.1"; VariantName = "[No Variations]"
Add component (AddParameter): Name = "Published"; Value = "8-Jun-2000"; VariantName = "[No Variations]"
Add component (AddParameter): Name = "Publisher"; Value = "Altium Limited"; VariantName = "[No Variations]"
Add component (AddParameter): Name = "Supplier 1"; Value = "Digi-Key"; VariantName = "[No Variations]"
Add component (AddParameter): Name = "Supplier Part Number 1"; Value = "365-1546-1-ND"; VariantName = "[No Variations]"
Added Component: Designator=D5(OVS5MRBCR4)
Add component. Clean all parameters for all variants
Add component (AddParameter): Name = "Colour"; Value = "RED"; VariantName = "[No Variations]"
Add component (AddParameter): Name = "LatestRevisionDate"; Value = "17-Jul-2002"; VariantName = "[No Variations]"
Add component (AddParameter): Name = "LatestRevisionNote"; Value = "Re-released for DXP Platform."; VariantName = "[No Variations]"
Add component (AddParameter): Name = "PackageDocument"; Value = "Feb-2002"; VariantName = "[No Variations]"
Add component (AddParameter): Name = "PackageReference"; Value = "3.2X1.6X1.1"; VariantName = "[No Variations]"
Add component (AddParameter): Name = "Published"; Value = "8-Jun-2000"; VariantName = "[No Variations]"
Add component (AddParameter): Name = "Publisher"; Value = "Altium Limited"; VariantName = "[No Variations]"
Add component (AddParameter): Name = "Supplier 1"; Value = "Digi-Key"; VariantName = "[No Variations]"
Add component (AddParameter): Name = "Supplier Part Number 1"; Value = "365-1546-1-ND"; VariantName = "[No Variations]"
Added Component: Designator=J_1(Header_3x1)
Add component. Clean all parameters for all variants
Added Component: Designator=J_2(Header_4x3)
Add component. Clean all parameters for all variants
Added Component: Designator=P1(HDR1X7)
Add component. Clean all parameters for all variants
Add component (AddParameter): Name = "LatestRevisionDate"; Value = "17-Jul-2002"; VariantName = "[No Variations]"
Add component (AddParameter): Name = "LatestRevisionNote"; Value = "Re-released for DXP Platform."; VariantName = "[No Variations]"
Add component (AddParameter): Name = "Publisher"; Value = "Altium Limited"; VariantName = "[No Variations]"
Added Component: Designator=R1(3216[1206])
Add component. Clean all parameters for all variants
Add component (AddParameter): Name = "LatestRevisionDate"; Value = "17-Jul-2002"; VariantName = "[No Variations]"
Add component (AddParameter): Name = "LatestRevisionNote"; Value = "Re-released for DXP Platform."; VariantName = "[No Variations]"
Add component (AddParameter): Name = "PackageReference"; Value = "AXIAL-0.5"; VariantName = "[No Variations]"
Add component (AddParameter): Name = "Published"; Value = "8-Jun-2000"; VariantName = "[No Variations]"
Add component (AddParameter): Name = "Publisher"; Value = "Altium Limited"; VariantName = "[No Variations]"
Add component (AddParameter): Name = "Value"; Value = "1K"; VariantName = "[No Variations]"
Added Component: Designator=R2(3216[1206])
Add component. Clean all parameters for all variants
Add component (AddParameter): Name = "LatestRevisionDate"; Value = "17-Jul-2002"; VariantName = "[No Variations]"
Add component (AddParameter): Name = "LatestRevisionNote"; Value = "Re-released for DXP Platform."; VariantName = "[No Variations]"
Add component (AddParameter): Name = "PackageReference"; Value = "AXIAL-0.5"; VariantName = "[No Variations]"
Add component (AddParameter): Name = "Published"; Value = "8-Jun-2000"; VariantName = "[No Variations]"
Add component (AddParameter): Name = "Publisher"; Value = "Altium Limited"; VariantName = "[No Variations]"
Add component (AddParameter): Name = "Value"; Value = "1K"; VariantName = "[No Variations]"
Added Component: Designator=R3(3216[1206])
Add component. Clean all parameters for all variants
Add component (AddParameter): Name = "LatestRevisionDate"; Value = "17-Jul-2002"; VariantName = "[No Variations]"
Add component (AddParameter): Name = "LatestRevisionNote"; Value = "Re-released for DXP Platform."; VariantName = "[No Variations]"
Add component (AddParameter): Name = "PackageReference"; Value = "AXIAL-0.5"; VariantName = "[No Variations]"
Add component (AddParameter): Name = "Published"; Value = "8-Jun-2000"; VariantName = "[No Variations]"
Add component (AddParameter): Name = "Publisher"; Value = "Altium Limited"; VariantName = "[No Variations]"
Add component (AddParameter): Name = "Value"; Value = "1K"; VariantName = "[No Variations]"
Added Component: Designator=R4(3216[1206])
Add component. Clean all parameters for all variants
Add component (AddParameter): Name = "LatestRevisionDate"; Value = "17-Jul-2002"; VariantName = "[No Variations]"
Add component (AddParameter): Name = "LatestRevisionNote"; Value = "Re-released for DXP Platform."; VariantName = "[No Variations]"
Add component (AddParameter): Name = "PackageReference"; Value = "AXIAL-0.5"; VariantName = "[No Variations]"
Add component (AddParameter): Name = "Published"; Value = "8-Jun-2000"; VariantName = "[No Variations]"
Add component (AddParameter): Name = "Publisher"; Value = "Altium Limited"; VariantName = "[No Variations]"
Add component (AddParameter): Name = "Value"; Value = "1K"; VariantName = "[No Variations]"
Added Component: Designator=R5(3216[1206])
Add component. Clean all parameters for all variants
Add component (AddParameter): Name = "LatestRevisionDate"; Value = "17-Jul-2002"; VariantName = "[No Variations]"
Add component (AddParameter): Name = "LatestRevisionNote"; Value = "Re-released for DXP Platform."; VariantName = "[No Variations]"
Add component (AddParameter): Name = "PackageReference"; Value = "AXIAL-0.5"; VariantName = "[No Variations]"
Add component (AddParameter): Name = "Published"; Value = "8-Jun-2000"; VariantName = "[No Variations]"
Add component (AddParameter): Name = "Publisher"; Value = "Altium Limited"; VariantName = "[No Variations]"
Add component (AddParameter): Name = "Value"; Value = "1K"; VariantName = "[No Variations]"
Added Component: Designator=R6(3216[1206])
Add component. Clean all parameters for all variants
Add component (AddParameter): Name = "LatestRevisionDate"; Value = "17-Jul-2002"; VariantName = "[No Variations]"
Add component (AddParameter): Name = "LatestRevisionNote"; Value = "Re-released for DXP Platform."; VariantName = "[No Variations]"
Add component (AddParameter): Name = "PackageReference"; Value = "AXIAL-0.5"; VariantName = "[No Variations]"
Add component (AddParameter): Name = "Published"; Value = "8-Jun-2000"; VariantName = "[No Variations]"
Add component (AddParameter): Name = "Publisher"; Value = "Altium Limited"; VariantName = "[No Variations]"
Add component (AddParameter): Name = "Value"; Value = "1K"; VariantName = "[No Variations]"
Added Component: Designator=R7(3216[1206])
Add component. Clean all parameters for all variants
Add component (AddParameter): Name = "LatestRevisionDate"; Value = "17-Jul-2002"; VariantName = "[No Variations]"
Add component (AddParameter): Name = "LatestRevisionNote"; Value = "Re-released for DXP Platform."; VariantName = "[No Variations]"
Add component (AddParameter): Name = "PackageReference"; Value = "AXIAL-0.5"; VariantName = "[No Variations]"
Add component (AddParameter): Name = "Published"; Value = "8-Jun-2000"; VariantName = "[No Variations]"
Add component (AddParameter): Name = "Publisher"; Value = "Altium Limited"; VariantName = "[No Variations]"
Add component (AddParameter): Name = "Value"; Value = "640"; VariantName = "[No Variations]"
Added Component: Designator=R8(3216[1206])
Add component. Clean all parameters for all variants
Add component (AddParameter): Name = "LatestRevisionDate"; Value = "17-Jul-2002"; VariantName = "[No Variations]"
Add component (AddParameter): Name = "LatestRevisionNote"; Value = "Re-released for DXP Platform."; VariantName = "[No Variations]"
Add component (AddParameter): Name = "PackageReference"; Value = "AXIAL-0.5"; VariantName = "[No Variations]"
Add component (AddParameter): Name = "Published"; Value = "8-Jun-2000"; VariantName = "[No Variations]"
Add component (AddParameter): Name = "Publisher"; Value = "Altium Limited"; VariantName = "[No Variations]"
Add component (AddParameter): Name = "Value"; Value = "10k"; VariantName = "[No Variations]"
Added Component: Designator=R9(3216[1206])
Add component. Clean all parameters for all variants
Add component (AddParameter): Name = "LatestRevisionDate"; Value = "17-Jul-2002"; VariantName = "[No Variations]"
Add component (AddParameter): Name = "LatestRevisionNote"; Value = "Re-released for DXP Platform."; VariantName = "[No Variations]"
Add component (AddParameter): Name = "PackageReference"; Value = "AXIAL-0.5"; VariantName = "[No Variations]"
Add component (AddParameter): Name = "Published"; Value = "8-Jun-2000"; VariantName = "[No Variations]"
Add component (AddParameter): Name = "Publisher"; Value = "Altium Limited"; VariantName = "[No Variations]"
Add component (AddParameter): Name = "Value"; Value = "10k"; VariantName = "[No Variations]"
Added Component: Designator=TPS1(TEST_POINT_SMD)
Add component. Clean all parameters for all variants
Added Component: Designator=TPS2(TEST_POINT_SMD)
Add component. Clean all parameters for all variants
Added Component: Designator=TPS3(TEST_POINT_SMD)
Add component. Clean all parameters for all variants
Added Component: Designator=TPS4(TEST_POINT_SMD)
Add component. Clean all parameters for all variants
Added Component: Designator=TPS5(TEST_POINT_SMD)
Add component. Clean all parameters for all variants
Added Component: Designator=TPS6(TEST_POINT_SMD)
Add component. Clean all parameters for all variants
Added Component: Designator=TPS7(TEST_POINT_SMD)
Add component. Clean all parameters for all variants
Added Component: Designator=TPS8(TEST_POINT_SMD)
Add component. Clean all parameters for all variants
Added Component: Designator=TPS9(TEST_POINT_SMD)
Add component. Clean all parameters for all variants
Added Component: Designator=TPS10(TEST_POINT_SMD)
Add component. Clean all parameters for all variants
Added Component: Designator=TPS11(TEST_POINT_SMD)
Add component. Clean all parameters for all variants
Added Component: Designator=TPS12(TEST_POINT_SMD)
Add component. Clean all parameters for all variants
Added Component: Designator=TPS13(TEST_POINT_SMD)
Add component. Clean all parameters for all variants
Added Component: Designator=TPS14(TEST_POINT_SMD)
Add component. Clean all parameters for all variants
Added Component: Designator=TPS15(TEST_POINT_SMD)
Add component. Clean all parameters for all variants
Added Component: Designator=TPS16(TEST_POINT_SMD)
Add component. Clean all parameters for all variants
Added Component: Designator=TPS17(TEST_POINT_SMD)
Add component. Clean all parameters for all variants
Added Component: Designator=TPS18(TEST_POINT_SMD)
Add component. Clean all parameters for all variants
Added Component: Designator=TPS19(TEST_POINT_SMD)
Add component. Clean all parameters for all variants
Added Component: Designator=TPS20(TEST_POINT_SMD)
Add component. Clean all parameters for all variants
Added Component: Designator=TPS21(TEST_POINT_SMD)
Add component. Clean all parameters for all variants
Added Component: Designator=TPS22(TEST_POINT_SMD)
Add component. Clean all parameters for all variants
Added Component: Designator=TPS23(TEST_POINT_SMD)
Add component. Clean all parameters for all variants
Added Component: Designator=TPS24(TEST_POINT_SMD)
Add component. Clean all parameters for all variants
Added Component: Designator=TPS25(TEST_POINT_SMD)
Add component. Clean all parameters for all variants
Added Component: Designator=TPS26(TEST_POINT_SMD)
Add component. Clean all parameters for all variants
Added Component: Designator=TPS27(TEST_POINT_SMD)
Add component. Clean all parameters for all variants
Added Component: Designator=TPS28(TEST_POINT_SMD)
Add component. Clean all parameters for all variants
Added Component: Designator=TPS29(TEST_POINT_SMD)
Add component. Clean all parameters for all variants
Added Component: Designator=TPS30(TEST_POINT_SMD)
Add component. Clean all parameters for all variants
Added Component: Designator=TPS31(TEST_POINT_SMD)
Add component. Clean all parameters for all variants
Added Component: Designator=TPS32(TEST_POINT_SMD)
Add component. Clean all parameters for all variants
Added Component: Designator=U1(SOT223)
Add component. Clean all parameters for all variants
Add component (AddParameter): Name = "Category"; Value = "Integrated Circuits (ICs)"; VariantName = "[No Variations]"
Add component (AddParameter): Name = "ComponentLink1Description"; Value = "http://www.diodes.com/_files/datasheets/AZ1117E.pdf"; VariantName = "[No Variations]"
Add component (AddParameter): Name = "ComponentLink1URL"; Value = "http://www.diodes.com/_files/datasheets/AZ1117E.pdf"; VariantName = "[No Variations]"
Add component (AddParameter): Name = "Current - Limit (Min)"; Value = "-"; VariantName = "[No Variations]"
Add component (AddParameter): Name = "Current - Output"; Value = "1A"; VariantName = "[No Variations]"
Add component (AddParameter): Name = "Manufacturer"; Value = "Diodes Incorporated"; VariantName = "[No Variations]"
Add component (AddParameter): Name = "Manufacturer Part Number"; Value = "AZ1117EH-3.3TRG1"; VariantName = "[No Variations]"
Add component (AddParameter): Name = "Mounting Type"; Value = "Surface Mount"; VariantName = "[No Variations]"
Add component (AddParameter): Name = "Number of Regulators"; Value = "1"; VariantName = "[No Variations]"
Add component (AddParameter): Name = "Operating Temperature"; Value = "-40°C ~ 125°C"; VariantName = "[No Variations]"
Add component (AddParameter): Name = "Package / Case"; Value = "TO-261-4, TO-261AA"; VariantName = "[No Variations]"
Add component (AddParameter): Name = "Packaging"; Value = "Cut Tape (CT)"; VariantName = "[No Variations]"
Add component (AddParameter): Name = "Pricing"; Value = "1=0.61, 10=0.456, 100=0.2578, 500=0.1709, 1000=0.13108 (CAD)"; VariantName = "[No Variations]"
Add component (AddParameter): Name = "Regulator Topology"; Value = "Positive Fixed"; VariantName = "[No Variations]"
Add component (AddParameter): Name = "RoHS"; Value = "RoHS Compliant"; VariantName = "[No Variations]"
Add component (AddParameter): Name = "Stock 1"; Value = "13427"; VariantName = "[No Variations]"
Add component (AddParameter): Name = "Supplier 1"; Value = "Digi-Key"; VariantName = "[No Variations]"
Add component (AddParameter): Name = "Supplier Device Package"; Value = "SOT-223"; VariantName = "[No Variations]"
Add component (AddParameter): Name = "Supplier Part Number 1"; Value = "AZ1117EH-3.3TRG1DICT-ND"; VariantName = "[No Variations]"
Add component (AddParameter): Name = "Voltage - Dropout (Typical)"; Value = "1.1V @ 1A"; VariantName = "[No Variations]"
Add component (AddParameter): Name = "Voltage - Input"; Value = "Up to 13V"; VariantName = "[No Variations]"
Add component (AddParameter): Name = "Voltage - Output"; Value = "3.3V"; VariantName = "[No Variations]"
Added Component: Designator=U2(LQFP-64 10x10mm)
Add component. Clean all parameters for all variants
Add component (AddParameter): Name = "Supplier 1"; Value = "Digi-Key"; VariantName = "[No Variations]"
Add component (AddParameter): Name = "Supplier Part Number 1"; Value = "497-14644-ND"; VariantName = "[No Variations]"
Added Component: Designator=U4(HLGA-10L)
Add component. Clean all parameters for all variants
Add component (AddParameter): Name = "ComponentLink1Description"; Value = "http://www.farnell.com/datasheets/1992925.pdf"; VariantName = "[No Variations]"
Add component (AddParameter): Name = "ComponentLink1URL"; Value = "http://www.farnell.com/datasheets/1992925.pdf"; VariantName = "[No Variations]"
Add component (AddParameter): Name = "ComponentLink2Description"; Value = "http://www.st.com/st-web-ui/static/active/en/resource/technical/document/datasheet/DM00141379.pdf"; VariantName = "[No Variations]"
Add component (AddParameter): Name = "ComponentLink2URL"; Value = "http://www.st.com/st-web-ui/static/active/en/resource/technical/document/datasheet/DM00141379.pdf"; VariantName = "[No Variations]"
Add component (AddParameter): Name = "Contact Plating"; Value = "Nickel,Gold"; VariantName = "[No Variations]"
Add component (AddParameter): Name = "Lead Free"; Value = "Lead Free"; VariantName = "[No Variations]"
Add component (AddParameter): Name = "Manufacturer"; Value = "STMicroelectronics"; VariantName = "[No Variations]"
Add component (AddParameter): Name = "Manufacturer Part Number"; Value = "LPS25HBTR"; VariantName = "[No Variations]"
Add component (AddParameter): Name = "Max Operating Temperature"; Value = "105"; VariantName = "[No Variations]"
Add component (AddParameter): Name = "Max Pressure"; Value = "290.08"; VariantName = "[No Variations]"
Add component (AddParameter): Name = "Max Supply Voltage"; Value = "3.6"; VariantName = "[No Variations]"
Add component (AddParameter): Name = "Min Operating Temperature"; Value = "-30"; VariantName = "[No Variations]"
Add component (AddParameter): Name = "Min Supply Voltage"; Value = "1.7"; VariantName = "[No Variations]"
Add component (AddParameter): Name = "Mount"; Value = "Surface Mount"; VariantName = "[No Variations]"
Add component (AddParameter): Name = "Number of Pins"; Value = "10"; VariantName = "[No Variations]"
Add component (AddParameter): Name = "Operating Pressure"; Value = "18.27"; VariantName = "[No Variations]"
Add component (AddParameter): Name = "Port Style"; Value = "No Port"; VariantName = "[No Variations]"
Add component (AddParameter): Name = "Pricing 1"; Value = "1=3.25, 10=2.917, 100=2.3901 (USD)"; VariantName = "[No Variations]"
Add component (AddParameter): Name = "REACH SVHC"; Value = "No SVHC"; VariantName = "[No Variations]"
Add component (AddParameter): Name = "Stock 1"; Value = "0"; VariantName = "[No Variations]"
Add component (AddParameter): Name = "Supplier 1"; Value = "Digikey"; VariantName = "[No Variations]"
Add component (AddParameter): Name = "Supplier Part Number 1"; Value = "497-15070-6-ND"; VariantName = "[No Variations]"
Add component (AddParameter): Name = "Termination"; Value = "Solder"; VariantName = "[No Variations]"
Added Component: Designator=U5(LGA-24)
Add component. Clean all parameters for all variants
Add component (AddParameter): Name = "Case/Package"; Value = "LGA"; VariantName = "[No Variations]"
Add component (AddParameter): Name = "ComponentLink1Description"; Value = "http://www.farnell.com/datasheets/2028150.pdf"; VariantName = "[No Variations]"
Add component (AddParameter): Name = "ComponentLink1URL"; Value = "http://www.farnell.com/datasheets/2028150.pdf"; VariantName = "[No Variations]"
Add component (AddParameter): Name = "Lead Free"; Value = "Lead Free"; VariantName = "[No Variations]"
Add component (AddParameter): Name = "Manufacturer"; Value = "STMicroelectronics"; VariantName = "[No Variations]"
Add component (AddParameter): Name = "Manufacturer Part Number"; Value = "LSM9DS1TR"; VariantName = "[No Variations]"
Add component (AddParameter): Name = "Max Operating Temperature"; Value = "85"; VariantName = "[No Variations]"
Add component (AddParameter): Name = "Max Supply Voltage"; Value = "3.6"; VariantName = "[No Variations]"
Add component (AddParameter): Name = "Min Operating Temperature"; Value = "-40"; VariantName = "[No Variations]"
Add component (AddParameter): Name = "Min Supply Voltage"; Value = "1.9"; VariantName = "[No Variations]"
Add component (AddParameter): Name = "Number of Pins"; Value = "24"; VariantName = "[No Variations]"
Add component (AddParameter): Name = "Packaging"; Value = "Cut Tape"; VariantName = "[No Variations]"
Add component (AddParameter): Name = "Pricing 1"; Value = "1=6.4, 10=5.751, 100=4.7119 (USD)"; VariantName = "[No Variations]"
Add component (AddParameter): Name = "REACH SVHC"; Value = "No SVHC"; VariantName = "[No Variations]"
Add component (AddParameter): Name = "Stock 1"; Value = "6141"; VariantName = "[No Variations]"
Add component (AddParameter): Name = "Supplier 1"; Value = "Digikey"; VariantName = "[No Variations]"
Add component (AddParameter): Name = "Supplier Part Number 1"; Value = "497-14946-6-ND"; VariantName = "[No Variations]"
Added Component: Designator=XTAL1(NX5032GA)
Add component. Clean all parameters for all variants
Added Pin To Net: NetName=5V Pin=C1-2
Added Pin To Net: NetName=5V Pin=J_1-2
Added Pin To Net: NetName=5V Pin=J_2-5
Added Pin To Net: NetName=5V Pin=J_2-6
Added Pin To Net: NetName=5V Pin=J_2-7
Added Pin To Net: NetName=5V Pin=J_2-8
Added Pin To Net: NetName=5V Pin=U1-3
Added Net: Name=5V
Added Pin To Net: NetName=DEN_A/G Pin=U2-57
Added Pin To Net: NetName=DEN_A/G Pin=U5-13
Added Net: Name=DEN_A/G
Added Pin To Net: NetName=DRDY_B Pin=U2-28
Added Pin To Net: NetName=DRDY_B Pin=U4-7
Added Net: Name=DRDY_B
Added Pin To Net: NetName=DRDY_M Pin=U2-56
Added Pin To Net: NetName=DRDY_M Pin=U5-9
Added Net: Name=DRDY_M
Added Pin To Net: NetName=GND Pin=C1-1
Added Pin To Net: NetName=GND Pin=C2-1
Added Pin To Net: NetName=GND Pin=C3-1
Added Pin To Net: NetName=GND Pin=C4-1
Added Pin To Net: NetName=GND Pin=C5-2
Added Pin To Net: NetName=GND Pin=C6-1
Added Pin To Net: NetName=GND Pin=C7-2
Added Pin To Net: NetName=GND Pin=C8-2
Added Pin To Net: NetName=GND Pin=C9-2
Added Pin To Net: NetName=GND Pin=C10-1
Added Pin To Net: NetName=GND Pin=C11-1
Added Pin To Net: NetName=GND Pin=C12-1
Added Pin To Net: NetName=GND Pin=C13-1
Added Pin To Net: NetName=GND Pin=C14-1
Added Pin To Net: NetName=GND Pin=C15-1
Added Pin To Net: NetName=GND Pin=C16-2
Added Pin To Net: NetName=GND Pin=C17-2
Added Pin To Net: NetName=GND Pin=C18-2
Added Pin To Net: NetName=GND Pin=C19-2
Added Pin To Net: NetName=GND Pin=C20-1
Added Pin To Net: NetName=GND Pin=D1-2
Added Pin To Net: NetName=GND Pin=D2-2
Added Pin To Net: NetName=GND Pin=D3-2
Added Pin To Net: NetName=GND Pin=D4-2
Added Pin To Net: NetName=GND Pin=D5-2
Added Pin To Net: NetName=GND Pin=J_1-3
Added Pin To Net: NetName=GND Pin=J_2-9
Added Pin To Net: NetName=GND Pin=J_2-10
Added Pin To Net: NetName=GND Pin=J_2-11
Added Pin To Net: NetName=GND Pin=J_2-12
Added Pin To Net: NetName=GND Pin=P1-3
Added Pin To Net: NetName=GND Pin=U1-1
Added Pin To Net: NetName=GND Pin=U2-12
Added Pin To Net: NetName=GND Pin=U2-18
Added Pin To Net: NetName=GND Pin=U2-31
Added Pin To Net: NetName=GND Pin=U2-47
Added Pin To Net: NetName=GND Pin=U2-60
Added Pin To Net: NetName=GND Pin=U2-63
Added Pin To Net: NetName=GND Pin=U4-3
Added Pin To Net: NetName=GND Pin=U4-8
Added Pin To Net: NetName=GND Pin=U4-9
Added Pin To Net: NetName=GND Pin=U5-14
Added Pin To Net: NetName=GND Pin=U5-15
Added Pin To Net: NetName=GND Pin=U5-16
Added Pin To Net: NetName=GND Pin=U5-17
Added Pin To Net: NetName=GND Pin=U5-18
Added Pin To Net: NetName=GND Pin=U5-19
Added Pin To Net: NetName=GND Pin=U5-20
Added Net: Name=GND
Added Pin To Net: NetName=INT1_A/G Pin=U2-26
Added Pin To Net: NetName=INT1_A/G Pin=U5-11
Added Net: Name=INT1_A/G
Added Pin To Net: NetName=INT2_A/G Pin=U2-25
Added Pin To Net: NetName=INT2_A/G Pin=U2-55
Added Pin To Net: NetName=INT2_A/G Pin=U5-12
Added Net: Name=INT2_A/G
Added Pin To Net: NetName=INT_M Pin=U2-27
Added Pin To Net: NetName=INT_M Pin=U5-10
Added Net: Name=INT_M
Added Pin To Net: NetName=LED1 Pin=R2-1
Added Pin To Net: NetName=LED1 Pin=TPS15-1
Added Pin To Net: NetName=LED1 Pin=U2-40
Added Net: Name=LED1
Added Pin To Net: NetName=LED2 Pin=R3-1
Added Pin To Net: NetName=LED2 Pin=TPS17-1
Added Pin To Net: NetName=LED2 Pin=U2-39
Added Net: Name=LED2
Added Pin To Net: NetName=LED3 Pin=R4-1
Added Pin To Net: NetName=LED3 Pin=TPS19-1
Added Pin To Net: NetName=LED3 Pin=U2-38
Added Net: Name=LED3
Added Pin To Net: NetName=LED4 Pin=R5-1
Added Pin To Net: NetName=LED4 Pin=TPS20-1
Added Pin To Net: NetName=LED4 Pin=U2-37
Added Net: Name=LED4
Added Pin To Net: NetName=NetC4_2 Pin=C4-2
Added Pin To Net: NetName=NetC4_2 Pin=R7-2
Added Pin To Net: NetName=NetC4_2 Pin=XTAL1-2
Added Net: Name=NetC4_2
Added Pin To Net: NetName=NetC17_1 Pin=C17-1
Added Pin To Net: NetName=NetC17_1 Pin=U5-21
Added Net: Name=NetC17_1
Added Pin To Net: NetName=NetC20_2 Pin=C20-2
Added Pin To Net: NetName=NetC20_2 Pin=U5-24
Added Net: Name=NetC20_2
Added Pin To Net: NetName=NetD1_1 Pin=D1-1
Added Pin To Net: NetName=NetD1_1 Pin=R1-2
Added Net: Name=NetD1_1
Added Pin To Net: NetName=NetD2_1 Pin=D2-1
Added Pin To Net: NetName=NetD2_1 Pin=R2-2
Added Net: Name=NetD2_1
Added Pin To Net: NetName=NetD3_1 Pin=D3-1
Added Pin To Net: NetName=NetD3_1 Pin=R3-2
Added Net: Name=NetD3_1
Added Pin To Net: NetName=NetD4_1 Pin=D4-1
Added Pin To Net: NetName=NetD4_1 Pin=R4-2
Added Net: Name=NetD4_1
Added Pin To Net: NetName=NetD5_1 Pin=D5-1
Added Pin To Net: NetName=NetD5_1 Pin=R5-2
Added Net: Name=NetD5_1
Added Pin To Net: NetName=NetP1_2 Pin=P1-2
Added Pin To Net: NetName=NetP1_2 Pin=U2-49
Added Net: Name=NetP1_2
Added Pin To Net: NetName=NetP1_4 Pin=P1-4
Added Pin To Net: NetName=NetP1_4 Pin=U2-46
Added Net: Name=NetP1_4
Added Pin To Net: NetName=NetTPS1_1 Pin=TPS1-1
Added Pin To Net: NetName=NetTPS1_1 Pin=U2-62
Added Net: Name=NetTPS1_1
Added Pin To Net: NetName=NetTPS2_1 Pin=TPS2-1
Added Pin To Net: NetName=NetTPS2_1 Pin=U2-61
Added Net: Name=NetTPS2_1
Added Pin To Net: NetName=NetTPS3_1 Pin=TPS3-1
Added Pin To Net: NetName=NetTPS3_1 Pin=U2-54
Added Net: Name=NetTPS3_1
Added Pin To Net: NetName=NetTPS4_1 Pin=TPS4-1
Added Pin To Net: NetName=NetTPS4_1 Pin=U2-53
Added Net: Name=NetTPS4_1
Added Pin To Net: NetName=NetTPS5_1 Pin=TPS5-1
Added Pin To Net: NetName=NetTPS5_1 Pin=U2-52
Added Net: Name=NetTPS5_1
Added Pin To Net: NetName=NetTPS6_1 Pin=TPS6-1
Added Pin To Net: NetName=NetTPS6_1 Pin=U2-51
Added Net: Name=NetTPS6_1
Added Pin To Net: NetName=NetTPS7_1 Pin=TPS7-1
Added Pin To Net: NetName=NetTPS7_1 Pin=U2-50
Added Net: Name=NetTPS7_1
Added Pin To Net: NetName=NetTPS8_1 Pin=TPS8-1
Added Pin To Net: NetName=NetTPS8_1 Pin=U2-1
Added Net: Name=NetTPS8_1
Added Pin To Net: NetName=NetTPS9_1 Pin=TPS9-1
Added Pin To Net: NetName=NetTPS9_1 Pin=U2-2
Added Net: Name=NetTPS9_1
Added Pin To Net: NetName=NetTPS10_1 Pin=TPS10-1
Added Pin To Net: NetName=NetTPS10_1 Pin=U2-3
Added Net: Name=NetTPS10_1
Added Pin To Net: NetName=NetTPS11_1 Pin=TPS11-1
Added Pin To Net: NetName=NetTPS11_1 Pin=U2-4
Added Net: Name=NetTPS11_1
Added Pin To Net: NetName=NetTPS12_1 Pin=TPS12-1
Added Pin To Net: NetName=NetTPS12_1 Pin=U2-45
Added Net: Name=NetTPS12_1
Added Pin To Net: NetName=NetTPS13_1 Pin=TPS13-1
Added Pin To Net: NetName=NetTPS13_1 Pin=U2-8
Added Net: Name=NetTPS13_1
Added Pin To Net: NetName=NetTPS14_1 Pin=TPS14-1
Added Pin To Net: NetName=NetTPS14_1 Pin=U2-9
Added Net: Name=NetTPS14_1
Added Pin To Net: NetName=NetTPS16_1 Pin=TPS16-1
Added Pin To Net: NetName=NetTPS16_1 Pin=U2-10
Added Net: Name=NetTPS16_1
Added Pin To Net: NetName=NetTPS18_1 Pin=TPS18-1
Added Pin To Net: NetName=NetTPS18_1 Pin=U2-11
Added Net: Name=NetTPS18_1
Added Pin To Net: NetName=NetTPS21_1 Pin=TPS21-1
Added Pin To Net: NetName=NetTPS21_1 Pin=U2-36
Added Net: Name=NetTPS21_1
Added Pin To Net: NetName=NetTPS22_1 Pin=TPS22-1
Added Pin To Net: NetName=NetTPS22_1 Pin=U2-35
Added Net: Name=NetTPS22_1
Added Pin To Net: NetName=NetTPS23_1 Pin=TPS23-1
Added Pin To Net: NetName=NetTPS23_1 Pin=U2-15
Added Net: Name=NetTPS23_1
Added Pin To Net: NetName=NetTPS24_1 Pin=TPS24-1
Added Pin To Net: NetName=NetTPS24_1 Pin=U2-34
Added Net: Name=NetTPS24_1
Added Pin To Net: NetName=NetTPS25_1 Pin=TPS25-1
Added Pin To Net: NetName=NetTPS25_1 Pin=U2-33
Added Net: Name=NetTPS25_1
Added Pin To Net: NetName=NetTPS26_1 Pin=TPS26-1
Added Pin To Net: NetName=NetTPS26_1 Pin=U2-20
Added Net: Name=NetTPS26_1
Added Pin To Net: NetName=NetTPS27_1 Pin=TPS27-1
Added Pin To Net: NetName=NetTPS27_1 Pin=U2-21
Added Net: Name=NetTPS27_1
Added Pin To Net: NetName=NetTPS28_1 Pin=TPS28-1
Added Pin To Net: NetName=NetTPS28_1 Pin=U2-22
Added Net: Name=NetTPS28_1
Added Pin To Net: NetName=NetTPS29_1 Pin=TPS29-1
Added Pin To Net: NetName=NetTPS29_1 Pin=U2-23
Added Net: Name=NetTPS29_1
Added Pin To Net: NetName=NetTPS30_1 Pin=TPS30-1
Added Pin To Net: NetName=NetTPS30_1 Pin=U2-24
Added Net: Name=NetTPS30_1
Added Pin To Net: NetName=OSC_IN Pin=C3-2
Added Pin To Net: NetName=OSC_IN Pin=U2-5
Added Pin To Net: NetName=OSC_IN Pin=XTAL1-1
Added Net: Name=OSC_IN
Added Pin To Net: NetName=OSC_OUT Pin=R7-1
Added Pin To Net: NetName=OSC_OUT Pin=U2-6
Added Net: Name=OSC_OUT
Added Pin To Net: NetName=PB10 Pin=P1-6
Added Pin To Net: NetName=PB10 Pin=TPS32-1
Added Pin To Net: NetName=PB10 Pin=U2-29
Added Net: Name=PB10
Added Pin To Net: NetName=PB11 Pin=P1-7
Added Pin To Net: NetName=PB11 Pin=TPS31-1
Added Pin To Net: NetName=PB11 Pin=U2-30
Added Net: Name=PB11
Added Pin To Net: NetName=PPM_IN Pin=J_1-1
Added Pin To Net: NetName=PPM_IN Pin=U2-14
Added Net: Name=PPM_IN
Added Pin To Net: NetName=PWM_1 Pin=J_2-1
Added Pin To Net: NetName=PWM_1 Pin=U2-44
Added Net: Name=PWM_1
Added Pin To Net: NetName=PWM_2 Pin=J_2-2
Added Pin To Net: NetName=PWM_2 Pin=U2-43
Added Net: Name=PWM_2
Added Pin To Net: NetName=PWM_3 Pin=J_2-3
Added Pin To Net: NetName=PWM_3 Pin=U2-42
Added Net: Name=PWM_3
Added Pin To Net: NetName=PWM_4 Pin=J_2-4
Added Pin To Net: NetName=PWM_4 Pin=U2-41
Added Net: Name=PWM_4
Added Pin To Net: NetName=RESET Pin=C9-1
Added Pin To Net: NetName=RESET Pin=P1-5
Added Pin To Net: NetName=RESET Pin=R6-1
Added Pin To Net: NetName=RESET Pin=U2-7
Added Net: Name=RESET
Added Pin To Net: NetName=RF_COM_RX Pin=U2-16
Added Net: Name=RF_COM_RX
Added Pin To Net: NetName=RF_COM_TX Pin=U2-17
Added Net: Name=RF_COM_TX
Added Pin To Net: NetName=SENSOR_SCL Pin=R8-2
Added Pin To Net: NetName=SENSOR_SCL Pin=U2-58
Added Pin To Net: NetName=SENSOR_SCL Pin=U4-2
Added Pin To Net: NetName=SENSOR_SCL Pin=U5-2
Added Net: Name=SENSOR_SCL
Added Pin To Net: NetName=SENSOR_SDA Pin=R9-2
Added Pin To Net: NetName=SENSOR_SDA Pin=U2-59
Added Pin To Net: NetName=SENSOR_SDA Pin=U4-4
Added Pin To Net: NetName=SENSOR_SDA Pin=U5-4
Added Net: Name=SENSOR_SDA
Added Pin To Net: NetName=VDD Pin=C2-2
Added Pin To Net: NetName=VDD Pin=C5-1
Added Pin To Net: NetName=VDD Pin=C7-1
Added Pin To Net: NetName=VDD Pin=C8-1
Added Pin To Net: NetName=VDD Pin=C10-2
Added Pin To Net: NetName=VDD Pin=C11-2
Added Pin To Net: NetName=VDD Pin=C12-2
Added Pin To Net: NetName=VDD Pin=C13-2
Added Pin To Net: NetName=VDD Pin=C14-2
Added Pin To Net: NetName=VDD Pin=C15-2
Added Pin To Net: NetName=VDD Pin=C16-1
Added Pin To Net: NetName=VDD Pin=C18-1
Added Pin To Net: NetName=VDD Pin=C19-1
Added Pin To Net: NetName=VDD Pin=P1-1
Added Pin To Net: NetName=VDD Pin=R1-1
Added Pin To Net: NetName=VDD Pin=R6-2
Added Pin To Net: NetName=VDD Pin=R8-1
Added Pin To Net: NetName=VDD Pin=R9-1
Added Pin To Net: NetName=VDD Pin=U1-2
Added Pin To Net: NetName=VDD Pin=U1-4
Added Pin To Net: NetName=VDD Pin=U2-13
Added Pin To Net: NetName=VDD Pin=U2-19
Added Pin To Net: NetName=VDD Pin=U2-32
Added Pin To Net: NetName=VDD Pin=U2-48
Added Pin To Net: NetName=VDD Pin=U2-64
Added Pin To Net: NetName=VDD Pin=U4-1
Added Pin To Net: NetName=VDD Pin=U4-5
Added Pin To Net: NetName=VDD Pin=U4-6
Added Pin To Net: NetName=VDD Pin=U4-10
Added Pin To Net: NetName=VDD Pin=U5-1
Added Pin To Net: NetName=VDD Pin=U5-3
Added Pin To Net: NetName=VDD Pin=U5-5
Added Pin To Net: NetName=VDD Pin=U5-6
Added Pin To Net: NetName=VDD Pin=U5-7
Added Pin To Net: NetName=VDD Pin=U5-8
Added Pin To Net: NetName=VDD Pin=U5-22
Added Pin To Net: NetName=VDD Pin=U5-23
Added Net: Name=VDD
